Determining if the pthread_create exist failed with the following output:
Change Dir: /home/naman/catkin_ws/src/hector_slam-groovy/hector_geotiff/build/CMakeFiles/CMakeTmp

Run Build Command:/usr/bin/make "cmTryCompileExec3908518678/fast"
make[1]: Entering directory `/home/naman/catkin_ws/src/hector_slam-groovy/hector_geotiff/build/CMakeFiles/CMakeTmp'
/usr/bin/make -f CMakeFiles/cmTryCompileExec3908518678.dir/build.make CMakeFiles/cmTryCompileExec3908518678.dir/build
make[2]: Entering directory `/home/naman/catkin_ws/src/hector_slam-groovy/hector_geotiff/build/CMakeFiles/CMakeTmp'
/usr/bin/cmake -E cmake_progress_report /home/naman/catkin_ws/src/hector_slam-groovy/hector_geotiff/build/CMakeFiles/CMakeTmp/CMakeFiles 1
Building C object CMakeFiles/cmTryCompileExec3908518678.dir/CheckSymbolExists.c.o
/usr/bin/gcc    -o CMakeFiles/cmTryCompileExec3908518678.dir/CheckSymbolExists.c.o   -c /home/naman/catkin_ws/src/hector_slam-groovy/hector_geotiff/build/CMakeFiles/CMakeTmp/CheckSymbolExists.c
Linking C executable cmTryCompileExec3908518678
/usr/bin/cmake -E cmake_link_script CMakeFiles/cmTryCompileExec3908518678.dir/link.txt --verbose=1
/usr/bin/gcc         CMakeFiles/cmTryCompileExec3908518678.dir/CheckSymbolExists.c.o  -o cmTryCompileExec3908518678 -rdynamic 
CMakeFiles/cmTryCompileExec3908518678.dir/CheckSymbolExists.c.o: In function `main':
CheckSymbolExists.c:(.text+0x16): undefined reference to `pthread_create'
collect2: error: ld returned 1 exit status
make[2]: Leaving directory `/home/naman/catkin_ws/src/hector_slam-groovy/hector_geotiff/build/CMakeFiles/CMakeTmp'
make[1]: Leaving directory `/home/naman/catkin_ws/src/hector_slam-groovy/hector_geotiff/build/CMakeFiles/CMakeTmp'
make[2]: *** [cmTryCompileExec3908518678] Error 1
make[1]: *** [cmTryCompileExec3908518678/fast] Error 2

File /home/naman/catkin_ws/src/hector_slam-groovy/hector_geotiff/build/CMakeFiles/CMakeTmp/CheckSymbolExists.c:
/* */
#include <pthread.h>

int main(int argc, char** argv)
{
  (void)argv;
#ifndef pthread_create
  return ((int*)(&pthread_create))[argc];
#else
  (void)argc;
  return 0;
#endif
}

Determining if the function pthread_create exists in the pthreads failed with the following output:
Change Dir: /home/naman/catkin_ws/src/hector_slam-groovy/hector_geotiff/build/CMakeFiles/CMakeTmp

Run Build Command:/usr/bin/make "cmTryCompileExec1797616190/fast"
make[1]: Entering directory `/home/naman/catkin_ws/src/hector_slam-groovy/hector_geotiff/build/CMakeFiles/CMakeTmp'
/usr/bin/make -f CMakeFiles/cmTryCompileExec1797616190.dir/build.make CMakeFiles/cmTryCompileExec1797616190.dir/build
make[2]: Entering directory `/home/naman/catkin_ws/src/hector_slam-groovy/hector_geotiff/build/CMakeFiles/CMakeTmp'
/usr/bin/cmake -E cmake_progress_report /home/naman/catkin_ws/src/hector_slam-groovy/hector_geotiff/build/CMakeFiles/CMakeTmp/CMakeFiles 1
Building C object CMakeFiles/cmTryCompileExec1797616190.dir/CheckFunctionExists.c.o
/usr/bin/gcc   -DCHECK_FUNCTION_EXISTS=pthread_create   -o CMakeFiles/cmTryCompileExec1797616190.dir/CheckFunctionExists.c.o   -c /usr/share/cmake-2.8/Modules/CheckFunctionExists.c
Linking C executable cmTryCompileExec1797616190
/usr/bin/cmake -E cmake_link_script CMakeFiles/cmTryCompileExec1797616190.dir/link.txt --verbose=1
/usr/bin/gcc     -DCHECK_FUNCTION_EXISTS=pthread_create    CMakeFiles/cmTryCompileExec1797616190.dir/CheckFunctionExists.c.o  -o cmTryCompileExec1797616190 -rdynamic -lpthreads 
/usr/bin/ld: cannot find -lpthreads
collect2: error: ld returned 1 exit status
make[2]: Leaving directory `/home/naman/catkin_ws/src/hector_slam-groovy/hector_geotiff/build/CMakeFiles/CMakeTmp'
make[1]: Leaving directory `/home/naman/catkin_ws/src/hector_slam-groovy/hector_geotiff/build/CMakeFiles/CMakeTmp'
make[2]: *** [cmTryCompileExec1797616190] Error 1
make[1]: *** [cmTryCompileExec1797616190/fast] Error 2


Determining if the Q_WS_WIN exist failed with the following output:
Change Dir: /home/naman/catkin_ws/src/hector_slam-groovy/hector_geotiff/build/CMakeFiles/CMakeTmp

Run Build Command:/usr/bin/make "cmTryCompileExec762247639/fast"
make[1]: Entering directory `/home/naman/catkin_ws/src/hector_slam-groovy/hector_geotiff/build/CMakeFiles/CMakeTmp'
/usr/bin/make -f CMakeFiles/cmTryCompileExec762247639.dir/build.make CMakeFiles/cmTryCompileExec762247639.dir/build
make[2]: Entering directory `/home/naman/catkin_ws/src/hector_slam-groovy/hector_geotiff/build/CMakeFiles/CMakeTmp'
/usr/bin/cmake -E cmake_progress_report /home/naman/catkin_ws/src/hector_slam-groovy/hector_geotiff/build/CMakeFiles/CMakeTmp/CMakeFiles 1
Building CXX object CMakeFiles/cmTryCompileExec762247639.dir/CheckSymbolExists.cxx.o
/usr/bin/c++    -I/usr/local/Trolltech/Qt-4.8.5/include    -o CMakeFiles/cmTryCompileExec762247639.dir/CheckSymbolExists.cxx.o -c /home/naman/catkin_ws/src/hector_slam-groovy/hector_geotiff/build/CMakeFiles/CMakeTmp/CheckSymbolExists.cxx
/home/naman/catkin_ws/src/hector_slam-groovy/hector_geotiff/build/CMakeFiles/CMakeTmp/CheckSymbolExists.cxx: In function ‘int main(int, char**)’:
/home/naman/catkin_ws/src/hector_slam-groovy/hector_geotiff/build/CMakeFiles/CMakeTmp/CheckSymbolExists.cxx:8:19: error: ‘Q_WS_WIN’ was not declared in this scope
make[2]: Leaving directory `/home/naman/catkin_ws/src/hector_slam-groovy/hector_geotiff/build/CMakeFiles/CMakeTmp'
make[2]: *** [CMakeFiles/cmTryCompileExec762247639.dir/CheckSymbolExists.cxx.o] Error 1
make[1]: Leaving directory `/home/naman/catkin_ws/src/hector_slam-groovy/hector_geotiff/build/CMakeFiles/CMakeTmp'
make[1]: *** [cmTryCompileExec762247639/fast] Error 2

File /home/naman/catkin_ws/src/hector_slam-groovy/hector_geotiff/build/CMakeFiles/CMakeTmp/CheckSymbolExists.cxx:
/* */
#include <QtCore/qglobal.h>

int main(int argc, char** argv)
{
  (void)argv;
#ifndef Q_WS_WIN
  return ((int*)(&Q_WS_WIN))[argc];
#else
  (void)argc;
  return 0;
#endif
}

Determining if the Q_WS_QWS exist failed with the following output:
Change Dir: /home/naman/catkin_ws/src/hector_slam-groovy/hector_geotiff/build/CMakeFiles/CMakeTmp

Run Build Command:/usr/bin/make "cmTryCompileExec315372858/fast"
make[1]: Entering directory `/home/naman/catkin_ws/src/hector_slam-groovy/hector_geotiff/build/CMakeFiles/CMakeTmp'
/usr/bin/make -f CMakeFiles/cmTryCompileExec315372858.dir/build.make CMakeFiles/cmTryCompileExec315372858.dir/build
make[2]: Entering directory `/home/naman/catkin_ws/src/hector_slam-groovy/hector_geotiff/build/CMakeFiles/CMakeTmp'
/usr/bin/cmake -E cmake_progress_report /home/naman/catkin_ws/src/hector_slam-groovy/hector_geotiff/build/CMakeFiles/CMakeTmp/CMakeFiles 1
Building CXX object CMakeFiles/cmTryCompileExec315372858.dir/CheckSymbolExists.cxx.o
/usr/bin/c++    -I/usr/local/Trolltech/Qt-4.8.5/include    -o CMakeFiles/cmTryCompileExec315372858.dir/CheckSymbolExists.cxx.o -c /home/naman/catkin_ws/src/hector_slam-groovy/hector_geotiff/build/CMakeFiles/CMakeTmp/CheckSymbolExists.cxx
/home/naman/catkin_ws/src/hector_slam-groovy/hector_geotiff/build/CMakeFiles/CMakeTmp/CheckSymbolExists.cxx: In function ‘int main(int, char**)’:
/home/naman/catkin_ws/src/hector_slam-groovy/hector_geotiff/build/CMakeFiles/CMakeTmp/CheckSymbolExists.cxx:8:19: error: ‘Q_WS_QWS’ was not declared in this scope
make[2]: Leaving directory `/home/naman/catkin_ws/src/hector_slam-groovy/hector_geotiff/build/CMakeFiles/CMakeTmp'
make[2]: *** [CMakeFiles/cmTryCompileExec315372858.dir/CheckSymbolExists.cxx.o] Error 1
make[1]: Leaving directory `/home/naman/catkin_ws/src/hector_slam-groovy/hector_geotiff/build/CMakeFiles/CMakeTmp'
make[1]: *** [cmTryCompileExec315372858/fast] Error 2

File /home/naman/catkin_ws/src/hector_slam-groovy/hector_geotiff/build/CMakeFiles/CMakeTmp/CheckSymbolExists.cxx:
/* */
#include <QtCore/qglobal.h>

int main(int argc, char** argv)
{
  (void)argv;
#ifndef Q_WS_QWS
  return ((int*)(&Q_WS_QWS))[argc];
#else
  (void)argc;
  return 0;
#endif
}

Determining if the Q_WS_MAC exist failed with the following output:
Change Dir: /home/naman/catkin_ws/src/hector_slam-groovy/hector_geotiff/build/CMakeFiles/CMakeTmp

Run Build Command:/usr/bin/make "cmTryCompileExec1509248031/fast"
make[1]: Entering directory `/home/naman/catkin_ws/src/hector_slam-groovy/hector_geotiff/build/CMakeFiles/CMakeTmp'
/usr/bin/make -f CMakeFiles/cmTryCompileExec1509248031.dir/build.make CMakeFiles/cmTryCompileExec1509248031.dir/build
make[2]: Entering directory `/home/naman/catkin_ws/src/hector_slam-groovy/hector_geotiff/build/CMakeFiles/CMakeTmp'
/usr/bin/cmake -E cmake_progress_report /home/naman/catkin_ws/src/hector_slam-groovy/hector_geotiff/build/CMakeFiles/CMakeTmp/CMakeFiles 1
Building CXX object CMakeFiles/cmTryCompileExec1509248031.dir/CheckSymbolExists.cxx.o
/usr/bin/c++    -I/usr/local/Trolltech/Qt-4.8.5/include    -o CMakeFiles/cmTryCompileExec1509248031.dir/CheckSymbolExists.cxx.o -c /home/naman/catkin_ws/src/hector_slam-groovy/hector_geotiff/build/CMakeFiles/CMakeTmp/CheckSymbolExists.cxx
/home/naman/catkin_ws/src/hector_slam-groovy/hector_geotiff/build/CMakeFiles/CMakeTmp/CheckSymbolExists.cxx: In function ‘int main(int, char**)’:
/home/naman/catkin_ws/src/hector_slam-groovy/hector_geotiff/build/CMakeFiles/CMakeTmp/CheckSymbolExists.cxx:8:19: error: ‘Q_WS_MAC’ was not declared in this scope
make[2]: Leaving directory `/home/naman/catkin_ws/src/hector_slam-groovy/hector_geotiff/build/CMakeFiles/CMakeTmp'
make[2]: *** [CMakeFiles/cmTryCompileExec1509248031.dir/CheckSymbolExists.cxx.o] Error 1
make[1]: Leaving directory `/home/naman/catkin_ws/src/hector_slam-groovy/hector_geotiff/build/CMakeFiles/CMakeTmp'
make[1]: *** [cmTryCompileExec1509248031/fast] Error 2

File /home/naman/catkin_ws/src/hector_slam-groovy/hector_geotiff/build/CMakeFiles/CMakeTmp/CheckSymbolExists.cxx:
/* */
#include <QtCore/qglobal.h>

int main(int argc, char** argv)
{
  (void)argv;
#ifndef Q_WS_MAC
  return ((int*)(&Q_WS_MAC))[argc];
#else
  (void)argc;
  return 0;
#endif
}

